2020-03-31 11:33:53 [main] pkg.Main.main()
ERROR: This is an ERROR message.
2020-03-31 11:33:53 [main] pkg.Main.main()
WARN: This is a WARN message.
2020-03-31 11:33:53 [main] pkg.Main.main()
INFO: This is an INFO message.
2020-03-31 11:33:53 [main] pkg.Main.main()
DEBUG: This is a DEBUG message.
2020-03-31 11:33:53 [main] pkg.Main.main()
TRACE: This is TRACE message
2020-03-31 11:33:53 [main] pkg.Main.main()
INFO: User's name is stran
2020-03-31 11:33:53 [main] pkg.Main.main()
ERROR: Something is wrong: java.lang.RuntimeException: Oops
	at pkg.Main.main(Main.java:13)
2020-03-31 11:34:04 [main] pkg.Main.main()
ERROR: This is an ERROR message.
2020-03-31 11:34:04 [main] pkg.Main.main()
WARN: This is a WARN message.
2020-03-31 11:34:04 [main] pkg.Main.main()
INFO: This is an INFO message.
2020-03-31 11:34:04 [main] pkg.Main.main()
DEBUG: This is a DEBUG message.
2020-03-31 11:34:04 [main] pkg.Main.main()
TRACE: This is TRACE message
2020-03-31 11:34:04 [main] pkg.Main.main()
INFO: User's name is stran
2020-03-31 11:34:04 [main] pkg.Main.main()
ERROR: Something is wrong: java.lang.RuntimeException: Oops
	at pkg.Main.main(Main.java:13)
